
Showing logs for build [32mcb-kubecd-environment-pr-1235-1-q96x8-1[0m stage [32mfrom-build-pack[0m and container [32mstep-credential-initializer-bnfkd[0m
{"level":"warn","ts":1583400069.4304042,"logger":"fallback-logger","caller":"logging/config.go:69","msg":"Fetch GitHub commit ID from kodata failed: \"ref: refs/heads/0.8.0-**-support-backwards-incompats\" is not a valid GitHub commit ID"}
{"level":"info","ts":1583400069.4310308,"logger":"fallback-logger","caller":"creds-init/main.go:40","msg":"Credentials initialized."}

Showing logs for build [32mcb-kubecd-environment-pr-1235-1-q96x8-1[0m stage [32mfrom-build-pack[0m and container [32mstep-working-dir-initializer-6wv2h[0m
{"level":"warn","ts":1583400070.838534,"logger":"fallback-logger","caller":"logging/config.go:69","msg":"Fetch GitHub commit ID from kodata failed: open /var/run/ko/HEAD: no such file or directory"}
{"level":"info","ts":1583400070.8403292,"logger":"fallback-logger","caller":"bash/main.go:64","msg":"Successfully executed command \"sh -c mkdir -p /workspace/source\"; output "}

Showing logs for build [32mcb-kubecd-environment-pr-1235-1-q96x8-1[0m stage [32mfrom-build-pack[0m and container [32mstep-place-tools[0m

Showing logs for build [32mcb-kubecd-environment-pr-1235-1-q96x8-1[0m stage [32mfrom-build-pack[0m and container [32mstep-git-source-cb-kubecd-environment-pr-1235-1-q96x8-wx87l[0m
{"level":"warn","ts":1583400073.9032648,"logger":"fallback-logger","caller":"logging/config.go:69","msg":"Fetch GitHub commit ID from kodata failed: \"ref: refs/heads/0.8.0-**-support-backwards-incompats\" is not a valid GitHub commit ID"}
{"level":"info","ts":1583400075.057652,"logger":"fallback-logger","caller":"git/git.go:103","msg":"Successfully cloned https://github.com/cb-kubecd/environment-pr-1235-12-bdd-frontend-staging.git @ master in path /workspace/source"}

Showing logs for build [32mcb-kubecd-environment-pr-1235-1-q96x8-1[0m stage [32mfrom-build-pack[0m and container [32mstep-git-merge[0m
Using SHAs from PULL_REFS=master:aa54057669d781b26fae075e940f4ca81698621e,1:d68f4237f98db8546f7bfbfcf7c4b6ce2d41b73e
DEBUG: LC_ALL=C JX_LOG_LEVEL=error git fetch origin --unshallow d68f4237f98db8546f7bfbfcf7c4b6ce2d41b73e: aa54057669d781b26fae075e940f4ca81698621e:
DEBUG: ran git fetch --unshallow origin d68f4237f98db8546f7bfbfcf7c4b6ce2d41b73e: aa54057669d781b26fae075e940f4ca81698621e: in 
DEBUG: JX_LOG_LEVEL=error LC_ALL=C git branch
DEBUG: LC_ALL=C JX_LOG_LEVEL=error git checkout master
DEBUG: ran git checkout master in 
DEBUG: LC_ALL=C JX_LOG_LEVEL=error git reset --hard aa54057669d781b26fae075e940f4ca81698621e
DEBUG: ran git reset --hard aa54057669d781b26fae075e940f4ca81698621e in 
DEBUG: JX_LOG_LEVEL=error LC_ALL=C git clean -fd .
DEBUG: ran clean --force -d . in 
DEBUG: LC_ALL=C JX_LOG_LEVEL=error git merge d68f4237f98db8546f7bfbfcf7c4b6ce2d41b73e
DEBUG: ran git merge d68f4237f98db8546f7bfbfcf7c4b6ce2d41b73e in 
DEBUG: LC_ALL=C JX_LOG_LEVEL=error git log --format=%H%x1f%an%x1f%ae%x1f%cn%x1f%ce%x1f%s%n%b%x1e aa54057669d781b26fae075e940f4ca81698621e..HEAD
Merged SHA d68f4237f98db8546f7bfbfcf7c4b6ce2d41b73e with commit message 'chore: Promote bdd-nh-1583399160 to version 0.0.1' into base branch master

Showing logs for build [32mcb-kubecd-environment-pr-1235-1-q96x8-1[0m stage [32mfrom-build-pack[0m and container [32mstep-build-helm-build[0m
WARNING: No $CHART_REPOSITORY defined so using the default value of: http://jenkins-x-chartmuseum:8080
Adding missing Helm repo: storage.googleapis.com https://storage.googleapis.com/chartmuseum.jenkins-x.io
WARNING: No secrets found on "helm/repos" due: reading the secret "helm/repos" from vault: no secret "helm/repos" not found in vault
Read credentials for https://storage.googleapis.com/chartmuseum.jenkins-x.io from vault helm/repos
Successfully added Helm repository storage.googleapis.com.
Adding missing Helm repo: jenkins-x-chartmuseum http://jenkins-x-chartmuseum:8080
WARNING: No secrets found on "helm/repos" due: reading the secret "helm/repos" from vault: no secret "helm/repos" not found in vault
Read credentials for http://jenkins-x-chartmuseum:8080 from vault helm/repos
Successfully added Helm repository jenkins-x-chartmuseum.
WARNING: No $CHART_REPOSITORY defined so using the default value of: http://jenkins-x-chartmuseum:8080
Adding missing Helm repo: chartmuseum.jenkins-x.io http://chartmuseum.jenkins-x.io
WARNING: No secrets found on "helm/repos" due: reading the secret "helm/repos" from vault: no secret "helm/repos" not found in vault
Read credentials for http://chartmuseum.jenkins-x.io from vault helm/repos
Successfully added Helm repository chartmuseum.jenkins-x.io.
